<?xml version="1.0" encoding="UTF-8"?>
<!-- Generated by org.testng.reporters.JUnitXMLReporter -->
<testsuite ignored="0" hostname="DESKTOP-DKP1646" failures="0" tests="4" name="Default test" time="130.47" errors="0" timestamp="2024-02-16T13:02:39 IST">
  <testcase classname="test.TC002LoginAccount" name="logintest" time="40.08"/>
  <testcase classname="test.TC002LoginAccount" name="logintest" time="24.139"/>
  <testcase classname="test.TC002LoginAccount" name="logintest" time="21.914"/>
  <testcase classname="test.TC002LoginAccount" name="logintest" time="38.272"/>
</testsuite> <!-- Default test -->
