<?xml version="1.0" encoding="UTF-8"?>
<testng-results ignored="0" total="4" passed="4" failed="0" skipped="0">
  <reporter-output>
  </reporter-output>
  <suite started-at="2024-02-16T13:00:28 IST" name="Default suite" finished-at="2024-02-16T13:02:39 IST" duration-ms="130470">
    <groups>
    </groups>
    <test started-at="2024-02-16T13:00:28 IST" name="Default test" finished-at="2024-02-16T13:02:39 IST" duration-ms="130470">
      <class name="test.TC002LoginAccount">
        <test-method signature="logintest(java.lang.String,java.lang.String)[pri:0, instance:test.TC002LoginAccount@54422e18]" started-at="2024-02-16T13:00:34 IST" name="logintest" data-provider="readexcel" finished-at="2024-02-16T13:01:14 IST" duration-ms="40080" status="PASS">
          <params>
            <param index="0">
              <value>
                <![CDATA[anandhakumar12@gmail.com]]>
              </value>
            </param>
            <param index="1">
              <value>
                <![CDATA[Moorthi@05]]>
              </value>
            </param>
          </params>
          <reporter-output>
          </reporter-output>
        </test-method> <!-- logintest -->
        <test-method signature="logintest(java.lang.String,java.lang.String)[pri:0, instance:test.TC002LoginAccount@54422e18]" started-at="2024-02-16T13:01:14 IST" name="logintest" data-provider="readexcel" finished-at="2024-02-16T13:01:39 IST" duration-ms="24139" status="PASS">
          <params>
            <param index="0">
              <value>
                <![CDATA[anandhakumarak92@gmail.com]]>
              </value>
            </param>
            <param index="1">
              <value>
                <![CDATA[moorthi]]>
              </value>
            </param>
          </params>
          <reporter-output>
          </reporter-output>
        </test-method> <!-- logintest -->
        <test-method signature="logintest(java.lang.String,java.lang.String)[pri:0, instance:test.TC002LoginAccount@54422e18]" started-at="2024-02-16T13:01:39 IST" name="logintest" data-provider="readexcel" finished-at="2024-02-16T13:02:00 IST" duration-ms="21914" status="PASS">
          <params>
            <param index="0">
              <value>
                <![CDATA[anandhakumar12@gmail.com]]>
              </value>
            </param>
            <param index="1">
              <value>
                <![CDATA[moorthi]]>
              </value>
            </param>
          </params>
          <reporter-output>
          </reporter-output>
        </test-method> <!-- logintest -->
        <test-method signature="logintest(java.lang.String,java.lang.String)[pri:0, instance:test.TC002LoginAccount@54422e18]" started-at="2024-02-16T13:02:01 IST" name="logintest" data-provider="readexcel" finished-at="2024-02-16T13:02:39 IST" duration-ms="38272" status="PASS">
          <params>
            <param index="0">
              <value>
                <![CDATA[anandhakumarak92@gmail.com]]>
              </value>
            </param>
            <param index="1">
              <value>
                <![CDATA[Moorthi@05]]>
              </value>
            </param>
          </params>
          <reporter-output>
          </reporter-output>
        </test-method> <!-- logintest -->
      </class> <!-- test.TC002LoginAccount -->
    </test> <!-- Default test -->
  </suite> <!-- Default suite -->
</testng-results>
